0 verbose cli /usr/local/bin/node /usr/local/lib/node_modules/npm/bin/npm-cli.js
1 info using npm@11.6.2
2 info using node@v24.12.0
3 silly config load:file:/usr/local/lib/node_modules/npm/npmrc
4 silly config load:file:/Users/chriscedillo/Desktop/Python/la-landscaping-site/.npmrc
5 silly config load:file:/Users/chriscedillo/.npmrc
6 silly config load:file:/usr/local/etc/npmrc
7 verbose title npm exec tailwindcss -i ./app/globals.css -o /tmp/out.css
8 verbose argv "exec" "--" "tailwindcss" "-i" "./app/globals.css" "-o" "/tmp/out.css"
9 verbose logfile logs-max:10 dir:/Users/chriscedillo/Desktop/Python/la-landscaping-site/.npm-cache/_logs/2025-12-16T20_57_06_399Z-
10 verbose logfile /Users/chriscedillo/Desktop/Python/la-landscaping-site/.npm-cache/_logs/2025-12-16T20_57_06_399Z-debug-0.log
11 silly logfile done cleaning log files
12 http fetch GET https://registry.npmjs.org/npm attempt 1 failed with ENOTFOUND
13 silly packumentCache heap:4496293888 maxSize:1124073472 maxEntrySize:562036736
14 verbose stack Error: could not determine executable to run
14 verbose stack     at getBinFromManifest (/usr/local/lib/node_modules/npm/node_modules/libnpmexec/lib/get-bin-from-manifest.js:17:23)
14 verbose stack     at exec (/usr/local/lib/node_modules/npm/node_modules/libnpmexec/lib/index.js:206:15)
14 verbose stack     at async Npm.exec (/usr/local/lib/node_modules/npm/lib/npm.js:208:9)
14 verbose stack     at async module.exports (/usr/local/lib/node_modules/npm/lib/cli/entry.js:67:5)
15 verbose pkgid tailwindcss@4.1.18
16 error could not determine executable to run
17 verbose cwd /Users/chriscedillo/Desktop/Python/la-landscaping-site
18 verbose os Darwin 24.6.0
19 verbose node v24.12.0
20 verbose npm  v11.6.2
21 verbose exit 1
22 verbose code 1
23 error A complete log of this run can be found in: /Users/chriscedillo/Desktop/Python/la-landscaping-site/.npm-cache/_logs/2025-12-16T20_57_06_399Z-debug-0.log
